<?xml version="1.0" encoding="UTF-8"?>
<testsuites name="jest tests" tests="1" failures="0" errors="0" time="4.662">
  <testsuite name="developerRegistration function" errors="0" failures="0" skipped="0" timestamp="2023-08-16T14:18:31" time="4.16" tests="1">
    <testcase classname="developerRegistration function should return status 200 and successful registered " name="developerRegistration function should return status 200 and successful registered " time="0.008">
    </testcase>
  </testsuite>
</testsuites>